<html>
<body>
<pre>
<h1>µVision Build Log</h1>
<h2>Tool Versions:</h2>
IDE-Version: µVision V5.18.0.0
Copyright (C) 2016 ARM Ltd and ARM Germany GmbH. All rights reserved.
License Information: Emir Damergi, INSAT, LIC=KIVFW-QPR09-GPGZR-KLEN4-MS34Q-IZY0W
 
Tool Versions:
Toolchain:       MDK-ARM Professional  Version: 5.18
Toolchain Path:  C:\Keil_v5\ARM\ARMCC\Bin
C Compiler:      Armcc.exe V5.06 update 1 (build 61)
Assembler:       Armasm.exe V5.06 update 1 (build 61)
Linker/Locator:  ArmLink.exe V5.06 update 1 (build 61)
Library Manager: ArmAr.exe V5.06 update 1 (build 61)
Hex Converter:   FromElf.exe V5.06 update 1 (build 61)
CPU DLL:         SARMCM3.DLL V5.18
Dialog DLL:      DCM.DLL V1.13.6.0
Target DLL:      UL2CM3.DLL V1.157.5.0
Dialog DLL:      TCM.DLL V1.14.8.0
 
<h2>Project:</h2>
C:\Users\EMIR\Desktop\Travaux PratiquesGLRT\AU_2017_2018\GL3\ToSendOrSent\TPs_1_a_7_Keil\TPs_STM32_Keil_Discovery\manip7_Transfer_DMA\ARM_MDK\manip.uvprojx
Project File Date:  09/28/2017

<h2>Output:</h2>
*** Using Compiler 'V5.06 update 1 (build 61)', folder: 'C:\Keil_v5\ARM\ARMCC\Bin'
Rebuild target 'Target 1'
compiling main.c...
..\main.c(51): error:  #29: expected an expression
    DMA_InitStructure.DMA_DIR = ...............;
..\main.c(52): error:  #29: expected an expression
    DMA_InitStructure.DMA_BufferSize = ..............;
..\main.c(53): error:  #29: expected an expression
    DMA_InitStructure.DMA_PeripheralInc = ...............;
..\main.c(54): error:  #29: expected an expression
    DMA_InitStructure.DMA_MemoryInc = ................;
..\main.c(55): error:  #29: expected an expression
    DMA_InitStructure.DMA_PeripheralDataSize = ................;
..\main.c(56): error:  #29: expected an expression
    DMA_InitStructure.DMA_MemoryDataSize = ......................;
..\main.c(57): error:  #29: expected an expression
    DMA_InitStructure.DMA_Mode = ................;
..\main.c(59): error:  #29: expected an expression
    DMA_InitStructure.DMA_M2M = ..............;
..\main.c(63): error:  #29: expected an expression
    DMA_ITConfig(
MA1_Channel6, ............., ENABLE);
..\main.c(104): error:  #29: expected an expression
    NVIC_InitStructure.NVIC_IRQChannel = ....................;
..\main.c: 0 warnings, 10 errors
compiling stm32f10x_it.c...
..\stm32f10x_it.c(22): error:  #40: expected an identifier
  void .................._IRQHandler(void)
..\stm32f10x_it.c(25): error:  #29: expected an expression
    if(................(..............))
..\stm32f10x_it.c(36): error:  #29: expected an expression
      .......................(..............);
..\stm32f10x_it.c: 0 warnings, 3 errors
compiling misc.c...
compiling stm32f10x_gpio.c...
compiling stm32f10x_rcc.c...
compiling core_cm3.c...
compiling system_stm32f10x.c...
assembling startup_stm32f10x_md_vl.s...
".\Objects\manip.axf" - 13 Error(s), 0 Warning(s).

<h2>Collection of Component include folders:</h2>
  C:\Users\EMIR\Desktop\Travaux PratiquesGLRT\AU_2017_2018\GL3\ToSendOrSent\TPs_1_a_7_Keil\TPs_STM32_Keil_Discovery\manip7_Transfer_DMA\ARM_MDK\RTE
  C:\Keil_v5\ARM\PACK\Keil\STM32F1xx_DFP\2.0.0\Device\Include

<h2>Collection of Component Files used:</h2>
Target not created.
Build Time Elapsed:  00:00:04
</pre>
</body>
</html>
